>ruby image_split.rb ilo0.bin > image_split.log

> extract from ilo0.bin
--
  >                .dvi.elf.text - type PROGBITS - offset 0x00004cf4 - size 0x00035468 bytes
  >                .dvi.elf.data - type PROGBITS - offset 0x0003a15c - size 0x0000077c bytes
  >        .libINTEGRITY.so.text - type PROGBITS - offset 0x0003a8d8 - size 0x000047ec bytes
  >        .libINTEGRITY.so.data - type PROGBITS - offset 0x0003f0c4 - size 0x00000014 bytes
  >                .libc.so.text - type PROGBITS - offset 0x0003f0d8 - size 0x00033b84 bytes
  >                .libc.so.data - type PROGBITS - offset 0x00072c5c - size 0x000007fc bytes
  >            .libevlog.so.text - type PROGBITS - offset 0x00073458 - size 0x0003c024 bytes
  >            .libevlog.so.data - type PROGBITS - offset 0x000af47c - size 0x000022f4 bytes
  >      .VComCShared_RM.so.text - type PROGBITS - offset 0x000b1770 - size 0x00006c18 bytes
  >      .VComCShared_RM.so.data - type PROGBITS - offset 0x000b8388 - size 0x00000064 bytes
  >          .libopenssl.so.text - type PROGBITS - offset 0x000b83ec - size 0x001c02cc bytes
  >          .libopenssl.so.data - type PROGBITS - offset 0x002786b8 - size 0x000096e0 bytes
  >           .stackvas.elf.text - type PROGBITS - offset 0x00281d98 - size 0x00020f78 bytes
  >           .stackvas.elf.data - type PROGBITS - offset 0x002a2d10 - size 0x0000073c bytes
  >        .libINTEGRITY.so.data - type PROGBITS - offset 0x002a344c - size 0x00000014 bytes
  >                .libc.so.data - type PROGBITS - offset 0x002a3460 - size 0x000007fc bytes
  >            .libevlog.so.data - type PROGBITS - offset 0x002a3c5c - size 0x000022f4 bytes
  >      .VComCShared_RM.so.data - type PROGBITS - offset 0x002a5f50 - size 0x00000064 bytes
  >          .libopenssl.so.data - type PROGBITS - offset 0x002a5fb4 - size 0x000096e0 bytes
  >             .dhcp6c.elf.text - type PROGBITS - offset 0x002af694 - size 0x000284d8 bytes
  >             .dhcp6c.elf.data - type PROGBITS - offset 0x002d7b6c - size 0x00000784 bytes
  >      .VComCShared_RM.so.data - type PROGBITS - offset 0x002d82f0 - size 0x00000064 bytes
  >                .libc.so.data - type PROGBITS - offset 0x002d8354 - size 0x000007fc bytes
  >        .libINTEGRITY.so.data - type PROGBITS - offset 0x002d8b50 - size 0x00000014 bytes
  >                .rtc.elf.text - type PROGBITS - offset 0x002d8b64 - size 0x0000d638 bytes
  >                .rtc.elf.data - type PROGBITS - offset 0x002e619c - size 0x0000032c bytes
  >        .libINTEGRITY.so.data - type PROGBITS - offset 0x002e64c8 - size 0x00000014 bytes
  >                .libc.so.data - type PROGBITS - offset 0x002e64dc - size 0x000007fc bytes
  >      .VComCShared_RM.so.data - type PROGBITS - offset 0x002e6cd8 - size 0x00000064 bytes
  >                .vrd.elf.text - type PROGBITS - offset 0x002e6d3c - size 0x0001e638 bytes
  >                .vrd.elf.data - type PROGBITS - offset 0x00305374 - size 0x00002014 bytes
  >        .libINTEGRITY.so.data - type PROGBITS - offset 0x00307388 - size 0x00000014 bytes
  >            .libevlog.so.data - type PROGBITS - offset 0x0030739c - size 0x000022f4 bytes
  >                .libc.so.data - type PROGBITS - offset 0x00309690 - size 0x000007fc bytes
  >      .VComCShared_RM.so.data - type PROGBITS - offset 0x00309e8c - size 0x00000064 bytes
  >                .spi.elf.text - type PROGBITS - offset 0x00309ef0 - size 0x00003638 bytes
  >                .spi.elf.data - type PROGBITS - offset 0x0030d528 - size 0x000002fc bytes
  >        .libINTEGRITY.so.data - type PROGBITS - offset 0x0030d824 - size 0x00000014 bytes
  >                .libc.so.data - type PROGBITS - offset 0x0030d838 - size 0x000007fc bytes
  >      .VComCShared_RM.so.data - type PROGBITS - offset 0x0030e034 - size 0x00000064 bytes
  >           .embmedia.elf.text - type PROGBITS - offset 0x0030e098 - size 0x0005b1a8 bytes
  >           .embmedia.elf.data - type PROGBITS - offset 0x00369240 - size 0x000010b4 bytes
  >        .libINTEGRITY.so.data - type PROGBITS - offset 0x0036a2f4 - size 0x00000014 bytes
  >                .libc.so.data - type PROGBITS - offset 0x0036a308 - size 0x000007fc bytes
  >            .libevlog.so.data - type PROGBITS - offset 0x0036ab04 - size 0x000022f4 bytes
  >      .VComCShared_RM.so.data - type PROGBITS - offset 0x0036cdf8 - size 0x00000064 bytes
  >             .health.elf.text - type PROGBITS - offset 0x0036ce5c - size 0x000a7e78 bytes
  >             .health.elf.data - type PROGBITS - offset 0x00414cd4 - size 0x00001914 bytes
  >        .libINTEGRITY.so.data - type PROGBITS - offset 0x004165e8 - size 0x00000014 bytes
  >                .libc.so.data - type PROGBITS - offset 0x004165fc - size 0x000007fc bytes
  >            .libevlog.so.data - type PROGBITS - offset 0x00416df8 - size 0x000022f4 bytes
  >      .VComCShared_RM.so.data - type PROGBITS - offset 0x004190ec - size 0x00000064 bytes
  >                .i2c.elf.text - type PROGBITS - offset 0x00419150 - size 0x00042ca8 bytes
  >                .i2c.elf.data - type PROGBITS - offset 0x0045bdf8 - size 0x00000cc4 bytes
  >        .libINTEGRITY.so.data - type PROGBITS - offset 0x0045cabc - size 0x00000014 bytes
  >                .libc.so.data - type PROGBITS - offset 0x0045cad0 - size 0x000007fc bytes
  >      .VComCShared_RM.so.data - type PROGBITS - offset 0x0045d2cc - size 0x00000064 bytes
  >               .chif.elf.text - type PROGBITS - offset 0x0045d330 - size 0x0007ac58 bytes
  >               .chif.elf.data - type PROGBITS - offset 0x004d7f88 - size 0x000034c4 bytes
  >        .libINTEGRITY.so.data - type PROGBITS - offset 0x004db44c - size 0x00000014 bytes
  >                .libc.so.data - type PROGBITS - offset 0x004db460 - size 0x000007fc bytes
  >            .libevlog.so.data - type PROGBITS - offset 0x004dbc5c - size 0x000022f4 bytes
  >      .VComCShared_RM.so.data - type PROGBITS - offset 0x004ddf50 - size 0x00000064 bytes
  >               .pjfs.elf.text - type PROGBITS - offset 0x004ddfb4 - size 0x0002a068 bytes
  >               .pjfs.elf.data - type PROGBITS - offset 0x0050801c - size 0x000004ac bytes
  >        .libINTEGRITY.so.data - type PROGBITS - offset 0x005084c8 - size 0x00000014 bytes
  >                .libc.so.data - type PROGBITS - offset 0x005084dc - size 0x000007fc bytes
  >      .VComCShared_RM.so.data - type PROGBITS - offset 0x00508cd8 - size 0x00000064 bytes
  >                .fss.elf.text - type PROGBITS - offset 0x00508d3c - size 0x00068b68 bytes
  >                .fss.elf.data - type PROGBITS - offset 0x005718a4 - size 0x00002bbc bytes
  >        .libINTEGRITY.so.data - type PROGBITS - offset 0x00574460 - size 0x00000014 bytes
  >                .libc.so.data - type PROGBITS - offset 0x00574474 - size 0x000007fc bytes
  >            .libevlog.so.data - type PROGBITS - offset 0x00574c70 - size 0x000022f4 bytes
  >      .VComCShared_RM.so.data - type PROGBITS - offset 0x00576f64 - size 0x00000064 bytes
  >               .gpio.elf.text - type PROGBITS - offset 0x00576fc8 - size 0x000060a8 bytes
  >               .gpio.elf.data - type PROGBITS - offset 0x0057d070 - size 0x00000314 bytes
  >        .libINTEGRITY.so.data - type PROGBITS - offset 0x0057d384 - size 0x00000014 bytes
  >                .libc.so.data - type PROGBITS - offset 0x0057d398 - size 0x000007fc bytes
  >      .VComCShared_RM.so.data - type PROGBITS - offset 0x0057db94 - size 0x00000064 bytes
  >                .usb.elf.text - type PROGBITS - offset 0x0057dbf8 - size 0x0005b2a8 bytes
  >                .usb.elf.data - type PROGBITS - offset 0x005d8ea0 - size 0x00002144 bytes
  >        .libINTEGRITY.so.data - type PROGBITS - offset 0x005dafe4 - size 0x00000014 bytes
  >                .libc.so.data - type PROGBITS - offset 0x005daff8 - size 0x000007fc bytes
  >            .libevlog.so.data - type PROGBITS - offset 0x005db7f4 - size 0x000022f4 bytes
  >          .libopenssl.so.data - type PROGBITS - offset 0x005ddae8 - size 0x000096e0 bytes
  >      .VComCShared_RM.so.data - type PROGBITS - offset 0x005e71c8 - size 0x00000064 bytes
  >                .vsp.elf.text - type PROGBITS - offset 0x005e722c - size 0x00037988 bytes
  >                .vsp.elf.data - type PROGBITS - offset 0x0061ebb4 - size 0x00000c2c bytes
  >        .libINTEGRITY.so.data - type PROGBITS - offset 0x0061f7e0 - size 0x00000014 bytes
  >                .libc.so.data - type PROGBITS - offset 0x0061f7f4 - size 0x000007fc bytes
  >            .libevlog.so.data - type PROGBITS - offset 0x0061fff0 - size 0x000022f4 bytes
  >      .VComCShared_RM.so.data - type PROGBITS - offset 0x006222e4 - size 0x00000064 bytes
  >           .svcsHost.elf.text - type PROGBITS - offset 0x00622348 - size 0x0003cf68 bytes
  >           .svcsHost.elf.data - type PROGBITS - offset 0x0065f2b0 - size 0x0000067c bytes
  >        .libINTEGRITY.so.data - type PROGBITS - offset 0x0065f92c - size 0x00000014 bytes
  >                .libc.so.data - type PROGBITS - offset 0x0065f940 - size 0x000007fc bytes
  >            .libevlog.so.data - type PROGBITS - offset 0x0066013c - size 0x000022f4 bytes
  >      .VComCShared_RM.so.data - type PROGBITS - offset 0x00662430 - size 0x00000064 bytes
  >               .rbsu.elf.text - type PROGBITS - offset 0x00662494 - size 0x00003c08 bytes
  >               .rbsu.elf.data - type PROGBITS - offset 0x0066609c - size 0x0002ff7c bytes
  >        .libINTEGRITY.so.data - type PROGBITS - offset 0x00696018 - size 0x00000014 bytes
  >                .libc.so.data - type PROGBITS - offset 0x0069602c - size 0x000007fc bytes
  >      .VComCShared_RM.so.data - type PROGBITS - offset 0x00696828 - size 0x00000064 bytes
  >             .secmgr.elf.text - type PROGBITS - offset 0x0069688c - size 0x000e5848 bytes
  >             .secmgr.elf.data - type PROGBITS - offset 0x0077c0d4 - size 0x0000493c bytes
  >        .libINTEGRITY.so.data - type PROGBITS - offset 0x00780a10 - size 0x00000014 bytes
  >                .libc.so.data - type PROGBITS - offset 0x00780a24 - size 0x000007fc bytes
  >            .libevlog.so.data - type PROGBITS - offset 0x00781220 - size 0x000022f4 bytes
  >          .libopenssl.so.data - type PROGBITS - offset 0x00783514 - size 0x000096e0 bytes
  >      .VComCShared_RM.so.data - type PROGBITS - offset 0x0078cbf4 - size 0x00000064 bytes
  >             .pwrmgr.elf.text - type PROGBITS - offset 0x0078cc58 - size 0x00071328 bytes
  >             .pwrmgr.elf.data - type PROGBITS - offset 0x007fdf80 - size 0x0000691c bytes
  >        .libINTEGRITY.so.data - type PROGBITS - offset 0x0080489c - size 0x00000014 bytes
  >                .libc.so.data - type PROGBITS - offset 0x008048b0 - size 0x000007fc bytes
  >            .libevlog.so.data - type PROGBITS - offset 0x008050ac - size 0x000022f4 bytes
  >      .VComCShared_RM.so.data - type PROGBITS - offset 0x008073a0 - size 0x00000064 bytes
  >              .ribcl.elf.text - type PROGBITS - offset 0x00807404 - size 0x000d3518 bytes
  >              .ribcl.elf.data - type PROGBITS - offset 0x008da91c - size 0x0000e60c bytes
  >        .libINTEGRITY.so.data - type PROGBITS - offset 0x008e8f28 - size 0x00000014 bytes
  >                .libc.so.data - type PROGBITS - offset 0x008e8f3c - size 0x000007fc bytes
  >            .libevlog.so.data - type PROGBITS - offset 0x008e9738 - size 0x000022f4 bytes
  >      .VComCShared_RM.so.data - type PROGBITS - offset 0x008eba2c - size 0x00000064 bytes
  >          .libopenssl.so.data - type PROGBITS - offset 0x008eba90 - size 0x000096e0 bytes
  >             .romchf.elf.text - type PROGBITS - offset 0x008f5170 - size 0x00027698 bytes
  >             .romchf.elf.data - type PROGBITS - offset 0x0091c808 - size 0x0000067c bytes
  >        .libINTEGRITY.so.data - type PROGBITS - offset 0x0091ce84 - size 0x00000014 bytes
  >                .libc.so.data - type PROGBITS - offset 0x0091ce98 - size 0x000007fc bytes
  >      .VComCShared_RM.so.data - type PROGBITS - offset 0x0091d694 - size 0x00000064 bytes
  >                .fum.elf.text - type PROGBITS - offset 0x0091d6f8 - size 0x00038e08 bytes
  >                .fum.elf.data - type PROGBITS - offset 0x00956500 - size 0x00000f14 bytes
  >        .libINTEGRITY.so.data - type PROGBITS - offset 0x00957414 - size 0x00000014 bytes
  >                .libc.so.data - type PROGBITS - offset 0x00957428 - size 0x000007fc bytes
  >            .libevlog.so.data - type PROGBITS - offset 0x00957c24 - size 0x000022f4 bytes
  >      .VComCShared_RM.so.data - type PROGBITS - offset 0x00959f18 - size 0x00000064 bytes
  >          .libopenssl.so.data - type PROGBITS - offset 0x00959f7c - size 0x000096e0 bytes
  >                .bmc.elf.text - type PROGBITS - offset 0x0096365c - size 0x000ac178 bytes
  >                .bmc.elf.data - type PROGBITS - offset 0x00a0f7d4 - size 0x00002b74 bytes
  >        .libINTEGRITY.so.data - type PROGBITS - offset 0x00a12348 - size 0x00000014 bytes
  >                .libc.so.data - type PROGBITS - offset 0x00a1235c - size 0x000007fc bytes
  >            .libevlog.so.data - type PROGBITS - offset 0x00a12b58 - size 0x000022f4 bytes
  >      .VComCShared_RM.so.data - type PROGBITS - offset 0x00a14e4c - size 0x00000064 bytes
  >          .libopenssl.so.data - type PROGBITS - offset 0x00a14eb0 - size 0x000096e0 bytes
  >            .svcsILO.elf.text - type PROGBITS - offset 0x00a1e590 - size 0x00047688 bytes
  >            .svcsILO.elf.data - type PROGBITS - offset 0x00a65c18 - size 0x0000249c bytes
  >        .libINTEGRITY.so.data - type PROGBITS - offset 0x00a680b4 - size 0x00000014 bytes
  >                .libc.so.data - type PROGBITS - offset 0x00a680c8 - size 0x000007fc bytes
  >            .libevlog.so.data - type PROGBITS - offset 0x00a688c4 - size 0x000022f4 bytes
  >          .libopenssl.so.data - type PROGBITS - offset 0x00a6abb8 - size 0x000096e0 bytes
  >      .VComCShared_RM.so.data - type PROGBITS - offset 0x00a74298 - size 0x00000064 bytes
  >            .network.elf.text - type PROGBITS - offset 0x00a742fc - size 0x00021158 bytes
  >            .network.elf.data - type PROGBITS - offset 0x00a95454 - size 0x0000070c bytes
  >        .libINTEGRITY.so.data - type PROGBITS - offset 0x00a95b60 - size 0x00000014 bytes
  >                .libc.so.data - type PROGBITS - offset 0x00a95b74 - size 0x000007fc bytes
  >            .libevlog.so.data - type PROGBITS - offset 0x00a96370 - size 0x000022f4 bytes
  >      .VComCShared_RM.so.data - type PROGBITS - offset 0x00a98664 - size 0x00000064 bytes
  >          .ConAppCLI.elf.text - type PROGBITS - offset 0x00a986c8 - size 0x00093948 bytes
  >          .ConAppCLI.elf.data - type PROGBITS - offset 0x00b2c010 - size 0x0001770c bytes
  >        .libINTEGRITY.so.data - type PROGBITS - offset 0x00b4371c - size 0x00000014 bytes
  >                .libc.so.data - type PROGBITS - offset 0x00b43730 - size 0x000007fc bytes
  >            .libevlog.so.data - type PROGBITS - offset 0x00b43f2c - size 0x000022f4 bytes
  >      .VComCShared_RM.so.data - type PROGBITS - offset 0x00b46220 - size 0x00000064 bytes
  >                .rdp.elf.text - type PROGBITS - offset 0x00b46284 - size 0x000239f8 bytes
  >                .rdp.elf.data - type PROGBITS - offset 0x00b69c7c - size 0x00000454 bytes
  >        .libINTEGRITY.so.data - type PROGBITS - offset 0x00b6a0d0 - size 0x00000014 bytes
  >                .libc.so.data - type PROGBITS - offset 0x00b6a0e4 - size 0x000007fc bytes
  >            .libevlog.so.data - type PROGBITS - offset 0x00b6a8e0 - size 0x000022f4 bytes
  >      .VComCShared_RM.so.data - type PROGBITS - offset 0x00b6cbd4 - size 0x00000064 bytes
  >               .snmp.elf.text - type PROGBITS - offset 0x00b6cc38 - size 0x000c4a08 bytes
  >               .snmp.elf.data - type PROGBITS - offset 0x00c31640 - size 0x00006d84 bytes
  >        .libINTEGRITY.so.data - type PROGBITS - offset 0x00c383c4 - size 0x00000014 bytes
  >                .libc.so.data - type PROGBITS - offset 0x00c383d8 - size 0x000007fc bytes
  >            .libevlog.so.data - type PROGBITS - offset 0x00c38bd4 - size 0x000022f4 bytes
  >      .VComCShared_RM.so.data - type PROGBITS - offset 0x00c3aec8 - size 0x00000064 bytes
  >            .rckmgmt.elf.text - type PROGBITS - offset 0x00c3af2c - size 0x00046088 bytes
  >            .rckmgmt.elf.data - type PROGBITS - offset 0x00c80fb4 - size 0x00000c2c bytes
  >        .libINTEGRITY.so.data - type PROGBITS - offset 0x00c81be0 - size 0x00000014 bytes
  >                .libc.so.data - type PROGBITS - offset 0x00c81bf4 - size 0x000007fc bytes
  >            .libevlog.so.data - type PROGBITS - offset 0x00c823f0 - size 0x000022f4 bytes
  >      .VComCShared_RM.so.data - type PROGBITS - offset 0x00c846e4 - size 0x00000064 bytes
  >          .libopenssl.so.data - type PROGBITS - offset 0x00c84748 - size 0x000096e0 bytes
  >               .sntp.elf.text - type PROGBITS - offset 0x00c8de28 - size 0x0002c1f8 bytes
  >               .sntp.elf.data - type PROGBITS - offset 0x00cba020 - size 0x00002994 bytes
  >        .libINTEGRITY.so.data - type PROGBITS - offset 0x00cbc9b4 - size 0x00000014 bytes
  >                .libc.so.data - type PROGBITS - offset 0x00cbc9c8 - size 0x000007fc bytes
  >            .libevlog.so.data - type PROGBITS - offset 0x00cbd1c4 - size 0x000022f4 bytes
  >      .VComCShared_RM.so.data - type PROGBITS - offset 0x00cbf4b8 - size 0x00000064 bytes
  >                .wol.elf.text - type PROGBITS - offset 0x00cbf51c - size 0x00009858 bytes
  >                .wol.elf.data - type PROGBITS - offset 0x00cc8d74 - size 0x0000032c bytes
  >        .libINTEGRITY.so.data - type PROGBITS - offset 0x00cc90a0 - size 0x00000014 bytes
  >                .libc.so.data - type PROGBITS - offset 0x00cc90b4 - size 0x000007fc bytes
  >            .libevlog.so.data - type PROGBITS - offset 0x00cc98b0 - size 0x000022f4 bytes
  >      .VComCShared_RM.so.data - type PROGBITS - offset 0x00ccbba4 - size 0x00000064 bytes
  >             .beacon.elf.text - type PROGBITS - offset 0x00ccbc08 - size 0x0003d828 bytes
  >             .beacon.elf.data - type PROGBITS - offset 0x00d09430 - size 0x00000aa4 bytes
  >        .libINTEGRITY.so.data - type PROGBITS - offset 0x00d09ed4 - size 0x00000014 bytes
  >                .libc.so.data - type PROGBITS - offset 0x00d09ee8 - size 0x000007fc bytes
  >          .libopenssl.so.data - type PROGBITS - offset 0x00d0a6e4 - size 0x000096e0 bytes
  >            .libevlog.so.data - type PROGBITS - offset 0x00d13dc4 - size 0x000022f4 bytes
  >      .VComCShared_RM.so.data - type PROGBITS - offset 0x00d160b8 - size 0x00000064 bytes
  >           .blackbox.elf.text - type PROGBITS - offset 0x00d1611c - size 0x00055498 bytes
  >           .blackbox.elf.data - type PROGBITS - offset 0x00d6b5b4 - size 0x0000092c bytes
  >        .libINTEGRITY.so.data - type PROGBITS - offset 0x00d6bee0 - size 0x00000014 bytes
  >                .libc.so.data - type PROGBITS - offset 0x00d6bef4 - size 0x000007fc bytes
  >            .libevlog.so.data - type PROGBITS - offset 0x00d6c6f0 - size 0x000022f4 bytes
  >      .VComCShared_RM.so.data - type PROGBITS - offset 0x00d6e9e4 - size 0x00000064 bytes
  >                .ers.elf.text - type PROGBITS - offset 0x00d6ea48 - size 0x000da238 bytes
  >                .ers.elf.data - type PROGBITS - offset 0x00e48c80 - size 0x000025dc bytes
  >        .libINTEGRITY.so.data - type PROGBITS - offset 0x00e4b25c - size 0x00000014 bytes
  >                .libc.so.data - type PROGBITS - offset 0x00e4b270 - size 0x000007fc bytes
  >             .libscxx.so.text - type PROGBITS - offset 0x00e4ba6c - size 0x00032478 bytes
  >             .libscxx.so.data - type PROGBITS - offset 0x00e7dee4 - size 0x00000300 bytes
  >          .libopenssl.so.data - type PROGBITS - offset 0x00e7e1e4 - size 0x000096e0 bytes
  >            .libevlog.so.data - type PROGBITS - offset 0x00e878c4 - size 0x000022f4 bytes
  >      .VComCShared_RM.so.data - type PROGBITS - offset 0x00e89bb8 - size 0x00000064 bytes
  >              .amail.elf.text - type PROGBITS - offset 0x00e89c1c - size 0x0002ad58 bytes
  >              .amail.elf.data - type PROGBITS - offset 0x00eb4974 - size 0x000004b4 bytes
  >        .libINTEGRITY.so.data - type PROGBITS - offset 0x00eb4e28 - size 0x00000014 bytes
  >                .libc.so.data - type PROGBITS - offset 0x00eb4e3c - size 0x000007fc bytes
  >            .libevlog.so.data - type PROGBITS - offset 0x00eb5638 - size 0x000022f4 bytes
  >      .VComCShared_RM.so.data - type PROGBITS - offset 0x00eb792c - size 0x00000064 bytes
  >            .rsyslog.elf.text - type PROGBITS - offset 0x00eb7990 - size 0x000247f8 bytes
  >            .rsyslog.elf.data - type PROGBITS - offset 0x00edc188 - size 0x00000444 bytes
  >        .libINTEGRITY.so.data - type PROGBITS - offset 0x00edc5cc - size 0x00000014 bytes
  >                .libc.so.data - type PROGBITS - offset 0x00edc5e0 - size 0x000007fc bytes
  >            .libevlog.so.data - type PROGBITS - offset 0x00edcddc - size 0x000022f4 bytes
  >      .VComCShared_RM.so.data - type PROGBITS - offset 0x00edf0d0 - size 0x00000064 bytes
  >     .discovery_svcs.elf.text - type PROGBITS - offset 0x00edf134 - size 0x0001f728 bytes
  >     .discovery_svcs.elf.data - type PROGBITS - offset 0x00efe85c - size 0x0000025c bytes
  >        .libINTEGRITY.so.data - type PROGBITS - offset 0x00efeab8 - size 0x00000014 bytes
  >                .libc.so.data - type PROGBITS - offset 0x00efeacc - size 0x000007fc bytes
  >      .VComCShared_RM.so.data - type PROGBITS - offset 0x00eff2c8 - size 0x00000064 bytes
  >             .drvsec.elf.text - type PROGBITS - offset 0x00eff32c - size 0x0004c078 bytes
  >             .drvsec.elf.data - type PROGBITS - offset 0x00f4b3a4 - size 0x000004b4 bytes
  >        .libINTEGRITY.so.data - type PROGBITS - offset 0x00f4b858 - size 0x00000014 bytes
  >                .libc.so.data - type PROGBITS - offset 0x00f4b86c - size 0x000007fc bytes
  >            .libevlog.so.data - type PROGBITS - offset 0x00f4c068 - size 0x000022f4 bytes
  >      .VComCShared_RM.so.data - type PROGBITS - offset 0x00f4e35c - size 0x00000064 bytes
  >          .libopenssl.so.data - type PROGBITS - offset 0x00f4e3c0 - size 0x000096e0 bytes
  >            .webserv.elf.text - type PROGBITS - offset 0x00f57aa0 - size 0x002b55d8 bytes
  >            .webserv.elf.data - type PROGBITS - offset 0x0120d078 - size 0x000014c4 bytes
  >        .libINTEGRITY.so.data - type PROGBITS - offset 0x0120e53c - size 0x00000014 bytes
  >             .libscxx.so.data - type PROGBITS - offset 0x0120e550 - size 0x00000300 bytes
  >            .libevlog.so.data - type PROGBITS - offset 0x0120e850 - size 0x000022f4 bytes
  >          .libopenssl.so.data - type PROGBITS - offset 0x01210b44 - size 0x000096e0 bytes
  >      .VComCShared_RM.so.data - type PROGBITS - offset 0x0121a224 - size 0x00000064 bytes
  >                .libc.so.data - type PROGBITS - offset 0x0121a288 - size 0x000007fc bytes
  >         .restserver.elf.text - type PROGBITS - offset 0x0121aa84 - size 0x001a6fa8 bytes
  >         .restserver.elf.data - type PROGBITS - offset 0x013c1a2c - size 0x00003bf4 bytes
  >        .libINTEGRITY.so.data - type PROGBITS - offset 0x013c5620 - size 0x00000014 bytes
  >             .libscxx.so.data - type PROGBITS - offset 0x013c5634 - size 0x00000300 bytes
  >            .libevlog.so.data - type PROGBITS - offset 0x013c5934 - size 0x000022f4 bytes
  >      .VComCShared_RM.so.data - type PROGBITS - offset 0x013c7c28 - size 0x00000064 bytes
  >                .libc.so.data - type PROGBITS - offset 0x013c7c8c - size 0x000007fc bytes
  >         .restevents.elf.text - type PROGBITS - offset 0x013c8488 - size 0x0003dcf8 bytes
  >         .restevents.elf.data - type PROGBITS - offset 0x01406180 - size 0x00000504 bytes
  >        .libINTEGRITY.so.data - type PROGBITS - offset 0x01406684 - size 0x00000014 bytes
  >             .libscxx.so.data - type PROGBITS - offset 0x01406698 - size 0x00000300 bytes
  >            .libevlog.so.data - type PROGBITS - offset 0x01406998 - size 0x000022f4 bytes
  >      .VComCShared_RM.so.data - type PROGBITS - offset 0x01408c8c - size 0x00000064 bytes
  >          .libopenssl.so.data - type PROGBITS - offset 0x01408cf0 - size 0x000096e0 bytes
  >                .libc.so.data - type PROGBITS - offset 0x014123d0 - size 0x000007fc bytes
  >      .restdirectory.elf.text - type PROGBITS - offset 0x01412bcc - size 0x00036b38 bytes
  >      .restdirectory.elf.data - type PROGBITS - offset 0x01449704 - size 0x00000524 bytes
  >        .libINTEGRITY.so.data - type PROGBITS - offset 0x01449c28 - size 0x00000014 bytes
  >             .libscxx.so.data - type PROGBITS - offset 0x01449c3c - size 0x00000300 bytes
  >            .libevlog.so.data - type PROGBITS - offset 0x01449f3c - size 0x000022f4 bytes
  >      .VComCShared_RM.so.data - type PROGBITS - offset 0x0144c230 - size 0x00000064 bytes
  >                .libc.so.data - type PROGBITS - offset 0x0144c294 - size 0x000007fc bytes
  >                .ssh.elf.text - type PROGBITS - offset 0x0144ca90 - size 0x0003f8e8 bytes
  >                .ssh.elf.data - type PROGBITS - offset 0x0148c378 - size 0x00000bcc bytes
  >        .libINTEGRITY.so.data - type PROGBITS - offset 0x0148cf44 - size 0x00000014 bytes
  >             .libscxx.so.data - type PROGBITS - offset 0x0148cf58 - size 0x00000300 bytes
  >            .libevlog.so.data - type PROGBITS - offset 0x0148d258 - size 0x000022f4 bytes
  >          .libopenssl.so.data - type PROGBITS - offset 0x0148f54c - size 0x000096e0 bytes
  >      .VComCShared_RM.so.data - type PROGBITS - offset 0x01498c2c - size 0x00000064 bytes
  >                .libc.so.data - type PROGBITS - offset 0x01498c90 - size 0x000007fc bytes
  >           .json_dsp.elf.text - type PROGBITS - offset 0x0149948c - size 0x00089ca8 bytes
  >           .json_dsp.elf.data - type PROGBITS - offset 0x01523134 - size 0x0000ea14 bytes
  >        .libINTEGRITY.so.data - type PROGBITS - offset 0x01531b48 - size 0x00000014 bytes
  >                .libc.so.data - type PROGBITS - offset 0x01531b5c - size 0x000007fc bytes
  >          .libopenssl.so.data - type PROGBITS - offset 0x01532358 - size 0x000096e0 bytes
  >            .libevlog.so.data - type PROGBITS - offset 0x0153ba38 - size 0x000022f4 bytes
  >      .VComCShared_RM.so.data - type PROGBITS - offset 0x0153dd2c - size 0x00000064 bytes
  >             .libscxx.so.data - type PROGBITS - offset 0x0153dd90 - size 0x00000300 bytes
  >               .uefi.elf.text - type PROGBITS - offset 0x0153e090 - size 0x0001abe8 bytes
  >               .uefi.elf.data - type PROGBITS - offset 0x01558c78 - size 0x00000454 bytes
  >        .libINTEGRITY.so.data - type PROGBITS - offset 0x015590cc - size 0x00000014 bytes
  >                .libc.so.data - type PROGBITS - offset 0x015590e0 - size 0x000007fc bytes
  >            .libevlog.so.data - type PROGBITS - offset 0x015598dc - size 0x000022f4 bytes
  >      .VComCShared_RM.so.data - type PROGBITS - offset 0x0155bbd0 - size 0x00000064 bytes
  >             .nvdimm.elf.text - type PROGBITS - offset 0x0155bc34 - size 0x0001ad88 bytes
  >             .nvdimm.elf.data - type PROGBITS - offset 0x015769bc - size 0x00000704 bytes
  >        .libINTEGRITY.so.data - type PROGBITS - offset 0x015770c0 - size 0x00000014 bytes
  >                .libc.so.data - type PROGBITS - offset 0x015770d4 - size 0x000007fc bytes
  >            .libevlog.so.data - type PROGBITS - offset 0x015778d0 - size 0x000022f4 bytes
  >      .VComCShared_RM.so.data - type PROGBITS - offset 0x01579bc4 - size 0x00000064 bytes
  >           .auxvideo.elf.text - type PROGBITS - offset 0x01579c28 - size 0x00018cc8 bytes
  >           .auxvideo.elf.data - type PROGBITS - offset 0x015928f0 - size 0x0000039c bytes
  >        .libINTEGRITY.so.data - type PROGBITS - offset 0x01592c8c - size 0x00000014 bytes
  >                .libc.so.data - type PROGBITS - offset 0x01592ca0 - size 0x000007fc bytes
  >            .libevlog.so.data - type PROGBITS - offset 0x0159349c - size 0x000022f4 bytes
  >      .VComCShared_RM.so.data - type PROGBITS - offset 0x01595790 - size 0x00000064 bytes
  >               .pmci.elf.text - type PROGBITS - offset 0x015957f4 - size 0x00054a98 bytes
  >               .pmci.elf.data - type PROGBITS - offset 0x015ea28c - size 0x0000073c bytes
  >        .libINTEGRITY.so.data - type PROGBITS - offset 0x015ea9c8 - size 0x00000014 bytes
  >                .libc.so.data - type PROGBITS - offset 0x015ea9dc - size 0x000007fc bytes
  >            .libevlog.so.data - type PROGBITS - offset 0x015eb1d8 - size 0x000022f4 bytes
  >      .VComCShared_RM.so.data - type PROGBITS - offset 0x015ed4cc - size 0x00000064 bytes
  >                   .boottable - type PROGBITS - offset 0x015ed530 - size 0x000841d4 bytes
  >                     .secinfo - type PROGBITS - offset 0x01671704 - size 0x000060f0 bytes
  >                    .shstrtab - type   STRTAB - offset 0x016777f4 - size 0x00002aa9 bytes
> done

