> parsing memory region entries:

    flags: 0x0507 - int 0x0- reg:     MRSHMW - low 0x00000000 / high 0x00007fff
    flags: 0x0507 - int 0x0- reg:    MREXROM - low 0x00000000 / high 0x0000ffff
    flags: 0x0007 - int 0x0- reg: MRBULKRAM0 - low 0x00000000 / high 0x0001ffff
    flags: 0x0507 - int 0x1- reg: MRSRAM_ASM - low 0xd0000000 / high 0xd0007fff
    flags: 0x0507 - int 0x1- reg: MRSRAM_CFG - low 0xd000a000 / high 0xd003ffff
    flags: 0x0507 - int 0x1- reg:    MRC0008 - low 0xc0008000 / high 0xc0008fff
    flags: 0x0507 - int 0x1- reg: MRDOWNLOAD - low 0x207ba000 / high 0x221ba000
    flags: 0x0507 - int 0x0- reg: MRVIDEORAM - low 0x00000000 / high 0x00000fff
    flags: 0x0507 - int 0x0- reg:    MRBANK7 - low 0x00000000 / high 0x0000ffff
    flags: 0x0507 - int 0x0- reg:   MRALIGN1 - low 0x00000000 / high 0x00000001
    flags: 0x0507 - int 0x1- reg:     MRZERO - low 0x20000000 / high 0x20000fff
    flags: 0x0507 - int 0x0- reg:   MRDVCCRC - low 0x00000000 / high 0x0003ffff
    flags: 0x0507 - int 0x0- reg:   MRDVCBUF - low 0x00000000 / high 0x0000ffff
    flags: 0x0507 - int 0x0- reg:   MRFYIRAM - low 0x00000000 / high 0x00003fff
    flags: 0x0507 - int 0x1- reg:    MR80000 - low 0x80000000 / high 0x80000fff
    flags: 0x0507 - int 0x1- reg:    MR800E0 - low 0x800e0000 / high 0x800e0fff
    flags: 0x0507 - int 0x1- reg:    MR800EF - low 0x800ef000 / high 0x800effff
    flags: 0x0507 - int 0x1- reg:    MR800F0 - low 0x800f0000 / high 0x800f0fff
    flags: 0x0507 - int 0x1- reg:    MR80108 - low 0x80108000 / high 0x8010bfff
    flags: 0x0507 - int 0x1- reg:    MR801F0 - low 0x801f0000 / high 0x801f0fff
    flags: 0x0507 - int 0x1- reg:    MR80200 - low 0x80200000 / high 0x80200fff
    flags: 0x0507 - int 0x1- reg:    MR802F0 - low 0x802f0000 / high 0x802f0fff
    flags: 0x0507 - int 0x1- reg:    MR80300 - low 0x80300000 / high 0x80300fff
    flags: 0x0507 - int 0x1- reg:    MR803F0 - low 0x803f0000 / high 0x803f0fff
    flags: 0x0507 - int 0x1- reg:    MR80400 - low 0x80400000 / high 0x80400fff
    flags: 0x0507 - int 0x1- reg:    MR80401 - low 0x80401000 / high 0x80401fff
    flags: 0x0507 - int 0x1- reg:    MR80402 - low 0x80402000 / high 0x80402fff
    flags: 0x0507 - int 0x1- reg:    MR80403 - low 0x80403000 / high 0x80403fff
    flags: 0x0507 - int 0x1- reg:    MR80404 - low 0x80404000 / high 0x80404fff
    flags: 0x0507 - int 0x1- reg:    MR80405 - low 0x80405000 / high 0x80405fff
    flags: 0x0507 - int 0x1- reg:    MR80406 - low 0x80406000 / high 0x80406fff
    flags: 0x0507 - int 0x1- reg:    MR80407 - low 0x80407000 / high 0x80407fff
    flags: 0x0507 - int 0x1- reg:    MR80408 - low 0x80408000 / high 0x80408fff
    flags: 0x0507 - int 0x1- reg:    MR804F0 - low 0x804f0000 / high 0x804f0fff
    flags: 0x0507 - int 0x1- reg:    MR80500 - low 0x80500000 / high 0x80500fff
    flags: 0x0507 - int 0x1- reg:    MR805F0 - low 0x805f0000 / high 0x805f0fff
    flags: 0x0507 - int 0x1- reg:    MR80600 - low 0x80600000 / high 0x80600fff
    flags: 0x0507 - int 0x1- reg:    MR806F0 - low 0x806f0000 / high 0x806f0fff
    flags: 0x0507 - int 0x1- reg:    MR80700 - low 0x80700000 / high 0x80700fff
    flags: 0x0507 - int 0x1- reg:    MR80701 - low 0x80701000 / high 0x80701fff
    flags: 0x0507 - int 0x1- reg:    MR80702 - low 0x80702000 / high 0x80702fff
    flags: 0x0507 - int 0x1- reg:    MR80703 - low 0x80703000 / high 0x80703fff
    flags: 0x0507 - int 0x1- reg:    MR807F0 - low 0x807f0000 / high 0x807f0fff
    flags: 0x0507 - int 0x1- reg:    MR80FC0 - low 0x80fc0000 / high 0x80fc0fff
    flags: 0x0507 - int 0x1- reg:    MR80FD0 - low 0x80fd0000 / high 0x80fd0fff
    flags: 0x0507 - int 0x1- reg:    MR80FE0 - low 0x80fe0000 / high 0x80fe0fff
    flags: 0x0507 - int 0x1- reg:    MR80FE1 - low 0x80fe1000 / high 0x80fe1fff
    flags: 0x0507 - int 0x1- reg:    MR80FE2 - low 0x80fe2000 / high 0x80fe2fff
    flags: 0x0507 - int 0x1- reg:    MR80FF0 - low 0x80ff0000 / high 0x80ff0fff
    flags: 0x0507 - int 0x1- reg:    MR81000 - low 0x81000000 / high 0x81ffffff
    flags: 0x0507 - int 0x1- reg:    MR82000 - low 0x82000000 / high 0x82ffffff
    flags: 0x0507 - int 0x1- reg:    MR83000 - low 0x83000000 / high 0x83ffffff
    flags: 0x0507 - int 0x1- reg:    MRC0000 - low 0xc0000000 / high 0xc0000fff
    flags: 0x0507 - int 0x1- reg:    MRC0001 - low 0xc0001000 / high 0xc0001fff
    flags: 0x0507 - int 0x1- reg:    MRC0002 - low 0xc0002000 / high 0xc0002fff
    flags: 0x0507 - int 0x1- reg:    MRC0003 - low 0xc0003000 / high 0xc0003fff
    flags: 0x0507 - int 0x1- reg:    MRC0004 - low 0xc0004000 / high 0xc0004fff
    flags: 0x0507 - int 0x1- reg:    MRC0005 - low 0xc0005000 / high 0xc0005fff
    flags: 0x0507 - int 0x1- reg:    MRC000C - low 0xc000c000 / high 0xc000cfff
    flags: 0x0507 - int 0x1- reg:    MRC000E - low 0xc000e000 / high 0xc000efff
    flags: 0x0507 - int 0x1- reg:    MRC0010 - low 0xc0010000 / high 0xc0010fff
    flags: 0x0507 - int 0x1- reg:    MRC0014 - low 0xc0014000 / high 0xc0017fff
    flags: 0x0507 - int 0x1- reg:    MRC0030 - low 0xc0030000 / high 0xc0030fff
    flags: 0x0507 - int 0x1- reg:    MRC0031 - low 0xc0031000 / high 0xc0031fff
    flags: 0x0507 - int 0x1- reg:    MRC0032 - low 0xc0032000 / high 0xc0032fff
    flags: 0x0507 - int 0x1- reg:    MRCE000 - low 0xce000000 / high 0xce000fff
    flags: 0x0507 - int 0x1- reg:    MRCE001 - low 0xce001000 / high 0xce001fff
    flags: 0x0507 - int 0x1- reg:    MRCE002 - low 0xce002000 / high 0xce002fff
    flags: 0x0507 - int 0x1- reg:    MRCE003 - low 0xce003000 / high 0xce003fff
    flags: 0x0507 - int 0x1- reg:    MRCE004 - low 0xce004000 / high 0xce004fff
    flags: 0x0507 - int 0x1- reg:    MRCE005 - low 0xce005000 / high 0xce005fff
    flags: 0x0507 - int 0x1- reg:    MRCE006 - low 0xce006000 / high 0xce006fff
    flags: 0x0507 - int 0x1- reg:    MRCE007 - low 0xce007000 / high 0xce007fff
    flags: 0x0507 - int 0x1- reg:    MRD1000 - low 0xd1000000 / high 0xd1000fff
    flags: 0x0507 - int 0x0- reg: __ghs_bcncsi_buffers - low 0x00000000 / high 0x000005ff
    flags: 0x0407 - int 0x0- reg: __ghs_umac_descriptors - low 0x00000000 / high 0x000007ff
    flags: 0x0507 - int 0x0- reg: __ghs_umacdev_mirror_buffers - low 0x00000000 / high 0x00005fff
    flags: 0x0507 - int 0x0- reg: __ghs_tcpip_buffers - low 0x00000000 / high 0x00017fff
    flags: 0x0507 - int 0x0- reg: __ghs_ktstncsi_phy_buffers - low 0x00000000 / high 0x000005ff